<?xml version="1.0" encoding="UTF-8" ?>
<testsuite tests="7" failures="0" name="DBConnectionTest" time="35.423" errors="0" skipped="0">
  <properties>
[...]
</properties>
  <testcase classname="DBConnectionTest" name="createConnection" time="1.214"/>
  <testcase classname="DBConnectionTest" name="testAddDeleteCard" time="4.597"/>
  <testcase classname="DBConnectionTest" name="testAddDeletePayment" time="7.668"/>
  <testcase classname="DBConnectionTest" name="testAddDeleteUser" time="2.099"/>
  <testcase classname="DBConnectionTest" name="testGetCards" time="6.585"/>
  <testcase classname="DBConnectionTest" name="testGetUsers" time="7.282"/>
  <testcase classname="DBConnectionTest" name="testSetBlocked" time="5.978"/>
</testsuite>