<?xml version="1.0" encoding="UTF-8"?>
<testng-results ignored="0" total="7" passed="7" failed="0" skipped="0">
  <reporter-output>
  </reporter-output>
  <suite started-at="2021-03-22T11:17:58 GMT+02:00" name="DBConnectionTest" finished-at="2021-03-22T11:18:34 GMT+02:00" duration-ms="35490">
    <groups>
    </groups>
    <test started-at="2021-03-22T11:17:58 GMT+02:00" name="Command line test" finished-at="2021-03-22T11:18:34 GMT+02:00" duration-ms="35490">
      <class name="DBConnectionTest">
        <test-method signature="createConnection()[pri:0, instance:DBConnectionTest@25bbf683]" started-at="2021-03-22T11:17:58 GMT+02:00" name="createConnection" finished-at="2021-03-22T11:18:00 GMT+02:00" duration-ms="1212" status="PASS">
          <reporter-output>
          </reporter-output>
        </test-method> <!-- createConnection -->
        <test-method signature="testAddDeleteCard()[pri:0, instance:DBConnectionTest@25bbf683]" started-at="2021-03-22T11:18:00 GMT+02:00" name="testAddDeleteCard" finished-at="2021-03-22T11:18:04 GMT+02:00" duration-ms="4597" status="PASS">
          <reporter-output>
          </reporter-output>
        </test-method> <!-- testAddDeleteCard -->
        <test-method signature="testAddDeletePayment()[pri:0, instance:DBConnectionTest@25bbf683]" started-at="2021-03-22T11:18:04 GMT+02:00" name="testAddDeletePayment" finished-at="2021-03-22T11:18:12 GMT+02:00" duration-ms="7666" status="PASS">
          <reporter-output>
          </reporter-output>
        </test-method> <!-- testAddDeletePayment -->
        <test-method signature="testAddDeleteUser()[pri:0, instance:DBConnectionTest@25bbf683]" started-at="2021-03-22T11:18:12 GMT+02:00" name="testAddDeleteUser" finished-at="2021-03-22T11:18:14 GMT+02:00" duration-ms="2104" status="PASS">
          <reporter-output>
          </reporter-output>
        </test-method> <!-- testAddDeleteUser -->
        <test-method signature="testGetCards()[pri:0, instance:DBConnectionTest@25bbf683]" started-at="2021-03-22T11:18:14 GMT+02:00" name="testGetCards" finished-at="2021-03-22T11:18:21 GMT+02:00" duration-ms="6583" status="PASS">
          <reporter-output>
          </reporter-output>
        </test-method> <!-- testGetCards -->
        <test-method signature="testGetUsers()[pri:0, instance:DBConnectionTest@25bbf683]" started-at="2021-03-22T11:18:21 GMT+02:00" name="testGetUsers" finished-at="2021-03-22T11:18:28 GMT+02:00" duration-ms="7282" status="PASS">
          <reporter-output>
          </reporter-output>
        </test-method> <!-- testGetUsers -->
        <test-method signature="testSetBlocked()[pri:0, instance:DBConnectionTest@25bbf683]" started-at="2021-03-22T11:18:28 GMT+02:00" name="testSetBlocked" finished-at="2021-03-22T11:18:34 GMT+02:00" duration-ms="5977" status="PASS">
          <reporter-output>
          </reporter-output>
        </test-method> <!-- testSetBlocked -->
      </class> <!-- DBConnectionTest -->
    </test> <!-- Command line test -->
  </suite> <!-- DBConnectionTest -->
</testng-results>
