<?xml version="1.0" encoding="UTF-8"?>
<!-- Generated by org.testng.reporters.JUnitXMLReporter -->
<testsuite ignored="0" hostname="DESKTOP-ELRHUNE" failures="0" tests="7" name="Command line test" time="35.49" errors="0" timestamp="2021-03-22T11:18:34 GMT+02:00">
  <testcase classname="DBConnectionTest" name="createConnection" time="1.212"/>
  <testcase classname="DBConnectionTest" name="testAddDeleteCard" time="4.597"/>
  <testcase classname="DBConnectionTest" name="testAddDeletePayment" time="7.666"/>
  <testcase classname="DBConnectionTest" name="testAddDeleteUser" time="2.104"/>
  <testcase classname="DBConnectionTest" name="testGetCards" time="6.583"/>
  <testcase classname="DBConnectionTest" name="testGetUsers" time="7.282"/>
  <testcase classname="DBConnectionTest" name="testSetBlocked" time="5.977"/>
</testsuite> <!-- Command line test -->
